<?xml version="1.0" encoding="utf-8"?>
<TestRun id="379fd53a-d234-4de0-bc99-0ac22487724e" name="@Kavithas-MacBook-Pro 2026-02-28 22:41:55" xmlns="http://microsoft.com/schemas/VisualStudio/TeamTest/2010">
  <Times creation="2026-02-28T22:41:55.5262240-05:00" queuing="2026-02-28T22:41:55.5262240-05:00" start="2026-02-28T22:41:54.0334500-05:00" finish="2026-02-28T22:41:55.5286840-05:00" />
  <TestSettings name="default" id="d3599f38-b493-483a-8e90-c1ab3fb6f53a">
    <Deployment runDeploymentRoot="_Kavithas-MacBook-Pro_2026-02-28_22_41_55" />
  </TestSettings>
  <Results>
    <UnitTestResult executionId="9576a60b-74b6-42f8-9940-b43ae42da532" testId="00de0d1f-dc56-c9ec-7494-417163be5db0" testName="MacPaintTool.Tests.DrawSquareWorkflowTests.DrawSquare_WorkflowRendersVisibleDrawing" computerName="Kavithas-MacBook-Pro" duration="00:00:00.6555054" startTime="2026-02-28T22:41:54.3584400-05:00" endTime="2026-02-28T22:41:55.4726130-05:00" testType="13cdc9d9-ddb5-4fa4-a97d-d965ccfc6d4b" outcome="Passed" testListId="8c84fa94-04c1-424b-9868-57a2d4851a1d" relativeResultsDirectory="9576a60b-74b6-42f8-9940-b43ae42da532" />
  </Results>
  <TestDefinitions>
    <UnitTest name="MacPaintTool.Tests.DrawSquareWorkflowTests.DrawSquare_WorkflowRendersVisibleDrawing" storage="/users/kavithagovindarajulu/documents/github/mac-paint-tool/tests/playwright/macpainttool.tests/bin/release/net10.0/macpainttool.tests.dll" id="00de0d1f-dc56-c9ec-7494-417163be5db0">
      <Execution id="9576a60b-74b6-42f8-9940-b43ae42da532" />
      <TestMethod codeBase="/Users/kavithagovindarajulu/Documents/GitHub/mac-paint-tool/tests/playwright/MacPaintTool.Tests/bin/Release/net10.0/MacPaintTool.Tests.dll" adapterTypeName="executor://xunit/VsTestRunner3/netcore/" className="MacPaintTool.Tests.DrawSquareWorkflowTests" name="DrawSquare_WorkflowRendersVisibleDrawing" />
    </UnitTest>
  </TestDefinitions>
  <TestEntries>
    <TestEntry testId="00de0d1f-dc56-c9ec-7494-417163be5db0" executionId="9576a60b-74b6-42f8-9940-b43ae42da532" testListId="8c84fa94-04c1-424b-9868-57a2d4851a1d" />
  </TestEntries>
  <TestLists>
    <TestList name="Results Not in a List" id="8c84fa94-04c1-424b-9868-57a2d4851a1d" />
    <TestList name="All Loaded Results" id="19431567-8539-422a-85d7-44ee4e166bda" />
  </TestLists>
  <ResultSummary outcome="Completed">
    <Counters total="1" executed="1" passed="1" failed="0" error="0" timeout="0" aborted="0" inconclusive="0" passedButRunAborted="0" notRunnable="0" notExecuted="0" disconnected="0" warning="0" completed="0" inProgress="0" pending="0" />
    <Output>
      <StdOut>[xUnit.net 00:00:00.00] xUnit.net VSTest Adapter v3.1.4+50e68bbb8b (64-bit .NET 10.0.3)
[xUnit.net 00:00:00.04]   Discovering: MacPaintTool.Tests
[xUnit.net 00:00:00.06]   Discovered:  MacPaintTool.Tests
[xUnit.net 00:00:00.08]   Starting:    MacPaintTool.Tests
[xUnit.net 00:00:01.21]   Finished:    MacPaintTool.Tests
</StdOut>
    </Output>
  </ResultSummary>
</TestRun>